2259 [localhost-startStop-1] INFO  o.a.c.c.C.[.[localhost].[/sell] - Initializing Spring embedded WebApplicationContext
2260 [localhost-startStop-1] INFO  o.s.web.context.ContextLoader - Root WebApplicationContext: initialization completed in 1388 ms
2384 [localhost-startStop-1] INFO  o.s.b.w.s.ServletRegistrationBean - Mapping servlet: 'dispatcherServlet' to [/]
2392 [localhost-startStop-1] INFO  o.s.b.w.s.FilterRegistrationBean - Mapping filter: 'characterEncodingFilter' to: [/*]
2393 [localhost-startStop-1] INFO  o.s.b.w.s.FilterRegistrationBean - Mapping filter: 'hiddenHttpMethodFilter' to: [/*]
2393 [localhost-startStop-1] INFO  o.s.b.w.s.FilterRegistrationBean - Mapping filter: 'httpPutFormContentFilter' to: [/*]
2394 [localhost-startStop-1] INFO  o.s.b.w.s.FilterRegistrationBean - Mapping filter: 'requestContextFilter' to: [/*]
3782 [main] INFO  o.s.o.j.LocalContainerEntityManagerFactoryBean - Building JPA container EntityManagerFactory for persistence unit 'default'
3797 [main] INFO  o.h.jpa.internal.util.LogHelper - HHH000204: Processing PersistenceUnitInfo [
	name: default
	...]
3882 [main] INFO  org.hibernate.Version - HHH000412: Hibernate Core {5.0.12.Final}
3883 [main] INFO  org.hibernate.cfg.Environment - HHH000206: hibernate.properties not found
3884 [main] INFO  org.hibernate.cfg.Environment - HHH000021: Bytecode provider name : javassist
3988 [main] INFO  o.h.annotations.common.Version - HCANN000001: Hibernate Commons Annotations {5.0.1.Final}
4386 [main] INFO  org.hibernate.dialect.Dialect - HHH000400: Using dialect: org.hibernate.dialect.MySQL5Dialect
4832 [main] INFO  o.h.tool.hbm2ddl.SchemaUpdate - HHH000228: Running hbm2ddl schema update
5998 [main] INFO  o.s.o.j.LocalContainerEntityManagerFactoryBean - Initialized JPA EntityManagerFactory for persistence unit 'default'
6618 [main] INFO  o.s.w.s.m.m.a.RequestMappingHandlerAdapter - Looking for @ControllerAdvice: org.springframework.boot.context.embedded.AnnotationConfigEmbeddedWebApplicationContext@73a2e526: startup date [Wed Apr 03 14:19:59 CST 2019]; root of context hierarchy
6677 [main] INFO  o.s.w.s.m.m.a.RequestMappingHandlerMapping - Mapped "{[/buyer/product/list],methods=[GET]}" onto public com.imooc.sell.OV.ResultOV com.imooc.sell.controller.BuyerProductController.list()
6678 [main] INFO  o.s.w.s.m.m.a.RequestMappingHandlerMapping - Mapped "{[/buyer/product/test],methods=[GET]}" onto public com.imooc.sell.OV.ResultOV com.imooc.sell.controller.BuyerProductController.test()
6680 [main] INFO  o.s.w.s.m.m.a.RequestMappingHandlerMapping - Mapped "{[/permission/login],methods=[POST]}" onto public com.imooc.sell.OV.ResultOV com.imooc.sell.controller.PermissionController.login(java.lang.String,java.lang.String)
6681 [main] INFO  o.s.w.s.m.m.a.RequestMappingHandlerMapping - Mapped "{[/login],methods=[GET]}" onto public com.imooc.sell.OV.ResultOV com.imooc.sell.controller.RoutingController.login()
6681 [main] INFO  o.s.w.s.m.m.a.RequestMappingHandlerMapping - Mapped "{[/logout],methods=[GET]}" onto public com.imooc.sell.OV.ResultOV com.imooc.sell.controller.RoutingController.logout()
6681 [main] INFO  o.s.w.s.m.m.a.RequestMappingHandlerMapping - Mapped "{[/login-error],methods=[GET]}" onto public com.imooc.sell.OV.ResultOV com.imooc.sell.controller.RoutingController.loginTo()
6682 [main] INFO  o.s.w.s.m.m.a.RequestMappingHandlerMapping - Mapped "{[/postman/first],methods=[POST]}" onto public com.imooc.sell.OV.ResultOV com.imooc.sell.controller.TestController.first()
6683 [main] INFO  o.s.w.s.m.m.a.RequestMappingHandlerMapping - Mapped "{[/postman/second],methods=[POST]}" onto public com.imooc.sell.OV.ResultOV com.imooc.sell.controller.TestController.second(com.imooc.sell.OV.ProductOV)
6683 [main] INFO  o.s.w.s.m.m.a.RequestMappingHandlerMapping - Mapped "{[/postman/fourth],methods=[POST]}" onto public com.imooc.sell.OV.ResultOV com.imooc.sell.controller.TestController.fourth(java.lang.String,java.lang.Integer,java.lang.Double)
6683 [main] INFO  o.s.w.s.m.m.a.RequestMappingHandlerMapping - Mapped "{[/postman/third],methods=[POST]}" onto public com.imooc.sell.OV.ResultOV com.imooc.sell.controller.TestController.third(java.lang.String)
6685 [main] INFO  o.s.w.s.m.m.a.RequestMappingHandlerMapping - Mapped "{[/error]}" onto public org.springframework.http.ResponseEntity<java.util.Map<java.lang.String, java.lang.Object>> org.springframework.boot.autoconfigure.web.BasicErrorController.error(javax.servlet.http.HttpServletRequest)
6685 [main] INFO  o.s.w.s.m.m.a.RequestMappingHandlerMapping - Mapped "{[/error],produces=[text/html]}" onto public org.springframework.web.servlet.ModelAndView org.springframework.boot.autoconfigure.web.BasicErrorController.errorHtml(javax.servlet.http.HttpServletRequest,javax.servlet.http.HttpServletResponse)
6712 [main] INFO  o.s.w.s.h.SimpleUrlHandlerMapping - Mapped URL path [/webjars/**] onto handler of type [class org.springframework.web.servlet.resource.ResourceHttpRequestHandler]
6712 [main] INFO  o.s.w.s.h.SimpleUrlHandlerMapping - Mapped URL path [/**] onto handler of type [class org.springframework.web.servlet.resource.ResourceHttpRequestHandler]
6750 [main] INFO  o.s.w.s.h.SimpleUrlHandlerMapping - Mapped URL path [/**/favicon.ico] onto handler of type [class org.springframework.web.servlet.resource.ResourceHttpRequestHandler]
7080 [main] INFO  o.s.j.e.a.AnnotationMBeanExporter - Registering beans for JMX exposure on startup
7094 [main] INFO  o.a.coyote.http11.Http11NioProtocol - Initializing ProtocolHandler ["http-nio-8080"]
7106 [main] INFO  o.a.coyote.http11.Http11NioProtocol - Starting ProtocolHandler ["http-nio-8080"]
7128 [main] INFO  o.a.tomcat.util.net.NioSelectorPool - Using a shared selector for servlet write/read
7142 [main] INFO  o.s.b.c.e.t.TomcatEmbeddedServletContainer - Tomcat started on port(s): 8080 (http)
7147 [main] INFO  com.imooc.sell.SellApplication - Started SellApplication in 6.966 seconds (JVM running for 7.817)
