6424 [main] INFO  o.s.w.s.h.SimpleUrlHandlerMapping - Mapped URL path [/**] onto handler of type [class org.springframework.web.servlet.resource.ResourceHttpRequestHandler]
6508 [main] INFO  o.s.w.s.h.SimpleUrlHandlerMapping - Mapped URL path [/**/favicon.ico] onto handler of type [class org.springframework.web.servlet.resource.ResourceHttpRequestHandler]
6775 [main] INFO  c.i.s.R.ProductCategoryRepositoryTest - Started ProductCategoryRepositoryTest in 6.157 seconds (JVM running for 7.163)
6898 [Thread-3] INFO  o.s.w.c.s.GenericWebApplicationContext - Closing org.springframework.web.context.support.GenericWebApplicationContext@71075444: startup date [Wed Jul 25 17:36:22 CST 2018]; root of context hierarchy
6902 [Thread-3] INFO  o.s.o.j.LocalContainerEntityManagerFactoryBean - Closing JPA EntityManagerFactory for persistence unit 'default'
1035 [main] INFO  c.i.s.R.ProductCategoryRepositoryTest - Starting ProductCategoryRepositoryTest on steamed-bundeMacBook-Pro.local with PID 6683 (started by steamed-bun in /Library/work/my_projects/sell)
1041 [main] INFO  c.i.s.R.ProductCategoryRepositoryTest - No active profile set, falling back to default profiles: default
1178 [main] INFO  o.s.w.c.s.GenericWebApplicationContext - Refreshing org.springframework.web.context.support.GenericWebApplicationContext@71075444: startup date [Wed Jul 25 17:36:41 CST 2018]; root of context hierarchy
1847 [background-preinit] INFO  o.h.validator.internal.util.Version - HV000001: Hibernate Validator 5.3.5.Final
3776 [main] INFO  o.s.o.j.LocalContainerEntityManagerFactoryBean - Building JPA container EntityManagerFactory for persistence unit 'default'
3795 [main] INFO  o.h.jpa.internal.util.LogHelper - HHH000204: Processing PersistenceUnitInfo [
	name: default
	...]
3856 [main] INFO  org.hibernate.Version - HHH000412: Hibernate Core {5.0.12.Final}
3857 [main] INFO  org.hibernate.cfg.Environment - HHH000206: hibernate.properties not found
3859 [main] INFO  org.hibernate.cfg.Environment - HHH000021: Bytecode provider name : javassist
3895 [main] INFO  o.h.annotations.common.Version - HCANN000001: Hibernate Commons Annotations {5.0.1.Final}
4010 [main] INFO  org.hibernate.dialect.Dialect - HHH000400: Using dialect: org.hibernate.dialect.MySQL5Dialect
4514 [main] INFO  o.h.tool.hbm2ddl.SchemaUpdate - HHH000228: Running hbm2ddl schema update
4571 [main] INFO  o.s.o.j.LocalContainerEntityManagerFactoryBean - Initialized JPA EntityManagerFactory for persistence unit 'default'
5325 [main] INFO  o.s.w.s.m.m.a.RequestMappingHandlerAdapter - Looking for @ControllerAdvice: org.springframework.web.context.support.GenericWebApplicationContext@71075444: startup date [Wed Jul 25 17:36:41 CST 2018]; root of context hierarchy
5435 [main] INFO  o.s.w.s.m.m.a.RequestMappingHandlerMapping - Mapped "{[/error]}" onto public org.springframework.http.ResponseEntity<java.util.Map<java.lang.String, java.lang.Object>> org.springframework.boot.autoconfigure.web.BasicErrorController.error(javax.servlet.http.HttpServletRequest)
5436 [main] INFO  o.s.w.s.m.m.a.RequestMappingHandlerMapping - Mapped "{[/error],produces=[text/html]}" onto public org.springframework.web.servlet.ModelAndView org.springframework.boot.autoconfigure.web.BasicErrorController.errorHtml(javax.servlet.http.HttpServletRequest,javax.servlet.http.HttpServletResponse)
5490 [main] INFO  o.s.w.s.h.SimpleUrlHandlerMapping - Mapped URL path [/webjars/**] onto handler of type [class org.springframework.web.servlet.resource.ResourceHttpRequestHandler]
5491 [main] INFO  o.s.w.s.h.SimpleUrlHandlerMapping - Mapped URL path [/**] onto handler of type [class org.springframework.web.servlet.resource.ResourceHttpRequestHandler]
5539 [main] INFO  o.s.w.s.h.SimpleUrlHandlerMapping - Mapped URL path [/**/favicon.ico] onto handler of type [class org.springframework.web.servlet.resource.ResourceHttpRequestHandler]
5864 [main] INFO  c.i.s.R.ProductCategoryRepositoryTest - Started ProductCategoryRepositoryTest in 5.356 seconds (JVM running for 6.272)
6012 [Thread-3] INFO  o.s.w.c.s.GenericWebApplicationContext - Closing org.springframework.web.context.support.GenericWebApplicationContext@71075444: startup date [Wed Jul 25 17:36:41 CST 2018]; root of context hierarchy
6016 [Thread-3] INFO  o.s.o.j.LocalContainerEntityManagerFactoryBean - Closing JPA EntityManagerFactory for persistence unit 'default'
1685 [main] INFO  c.i.s.R.ProductCategoryRepositoryTest - Starting ProductCategoryRepositoryTest on steamed-bundeMacBook-Pro.local with PID 6686 (started by steamed-bun in /Library/work/my_projects/sell)
1686 [main] INFO  c.i.s.R.ProductCategoryRepositoryTest - No active profile set, falling back to default profiles: default
1745 [main] INFO  o.s.w.c.s.GenericWebApplicationContext - Refreshing org.springframework.web.context.support.GenericWebApplicationContext@71075444: startup date [Wed Jul 25 17:38:39 CST 2018]; root of context hierarchy
2061 [background-preinit] INFO  o.h.validator.internal.util.Version - HV000001: Hibernate Validator 5.3.5.Final
3944 [main] INFO  o.s.o.j.LocalContainerEntityManagerFactoryBean - Building JPA container EntityManagerFactory for persistence unit 'default'
3959 [main] INFO  o.h.jpa.internal.util.LogHelper - HHH000204: Processing PersistenceUnitInfo [
	name: default
	...]
4022 [main] INFO  org.hibernate.Version - HHH000412: Hibernate Core {5.0.12.Final}
