10444 [main] INFO  o.h.e.j.b.i.AbstractBatchImpl - HHH000010: On release of batch it still contained JDBC statements
10522 [Thread-3] INFO  o.s.w.c.s.GenericWebApplicationContext - Closing org.springframework.web.context.support.GenericWebApplicationContext@6ca0256d: startup date [Wed Apr 03 11:07:30 CST 2019]; root of context hierarchy
10529 [Thread-3] INFO  o.s.o.j.LocalContainerEntityManagerFactoryBean - Closing JPA EntityManagerFactory for persistence unit 'default'
815  [main] INFO  com.imooc.sell.SellApplication - Starting SellApplication on steamed-bundeMacBook-Pro.local with PID 58332 (/Library/work/my_projects/sell/target/classes started by steamed-bun in /Library/work/my_projects/sell)
816  [main] INFO  com.imooc.sell.SellApplication - No active profile set, falling back to default profiles: default
874  [main] INFO  o.s.b.c.e.AnnotationConfigEmbeddedWebApplicationContext - Refreshing org.springframework.boot.context.embedded.AnnotationConfigEmbeddedWebApplicationContext@3754a4bf: startup date [Wed Apr 03 11:43:18 CST 2019]; root of context hierarchy
987  [background-preinit] INFO  o.h.validator.internal.util.Version - HV000001: Hibernate Validator 5.3.5.Final
2278 [main] INFO  o.s.b.c.e.t.TomcatEmbeddedServletContainer - Tomcat initialized with port(s): 8080 (http)
2289 [main] INFO  o.a.catalina.core.StandardService - Starting service [Tomcat]
2290 [main] INFO  o.a.catalina.core.StandardEngine - Starting Servlet Engine: Apache Tomcat/8.5.16
2393 [localhost-startStop-1] INFO  o.a.c.c.C.[.[localhost].[/sell] - Initializing Spring embedded WebApplicationContext
2394 [localhost-startStop-1] INFO  o.s.web.context.ContextLoader - Root WebApplicationContext: initialization completed in 1520 ms
2510 [localhost-startStop-1] INFO  o.s.b.w.s.ServletRegistrationBean - Mapping servlet: 'dispatcherServlet' to [/]
2514 [localhost-startStop-1] INFO  o.s.b.w.s.FilterRegistrationBean - Mapping filter: 'characterEncodingFilter' to: [/*]
2514 [localhost-startStop-1] INFO  o.s.b.w.s.FilterRegistrationBean - Mapping filter: 'hiddenHttpMethodFilter' to: [/*]
2515 [localhost-startStop-1] INFO  o.s.b.w.s.FilterRegistrationBean - Mapping filter: 'httpPutFormContentFilter' to: [/*]
2515 [localhost-startStop-1] INFO  o.s.b.w.s.FilterRegistrationBean - Mapping filter: 'requestContextFilter' to: [/*]
4644 [main] INFO  o.s.o.j.LocalContainerEntityManagerFactoryBean - Building JPA container EntityManagerFactory for persistence unit 'default'
4657 [main] INFO  o.h.jpa.internal.util.LogHelper - HHH000204: Processing PersistenceUnitInfo [
	name: default
	...]
4756 [main] INFO  org.hibernate.Version - HHH000412: Hibernate Core {5.0.12.Final}
4757 [main] INFO  org.hibernate.cfg.Environment - HHH000206: hibernate.properties not found
4759 [main] INFO  org.hibernate.cfg.Environment - HHH000021: Bytecode provider name : javassist
4809 [main] INFO  o.h.annotations.common.Version - HCANN000001: Hibernate Commons Annotations {5.0.1.Final}
4964 [main] INFO  org.hibernate.dialect.Dialect - HHH000400: Using dialect: org.hibernate.dialect.MySQL5Dialect
5575 [main] INFO  o.h.tool.hbm2ddl.SchemaUpdate - HHH000228: Running hbm2ddl schema update
10402 [main] INFO  o.s.o.j.LocalContainerEntityManagerFactoryBean - Initialized JPA EntityManagerFactory for persistence unit 'default'
10667 [main] INFO  o.s.o.j.LocalContainerEntityManagerFactoryBean - Closing JPA EntityManagerFactory for persistence unit 'default'
10675 [main] INFO  o.a.catalina.core.StandardService - Stopping service [Tomcat]
10685 [main] INFO  o.s.b.a.l.AutoConfigurationReportLoggingInitializer - 

Error starting ApplicationContext. To display the auto-configuration report re-run your application with 'debug' enabled.
1121 [main] INFO  com.imooc.sell.SellApplication - Starting SellApplication on steamed-bundeMacBook-Pro.local with PID 58350 (/Library/work/my_projects/sell/target/classes started by steamed-bun in /Library/work/my_projects/sell)
1123 [main] INFO  com.imooc.sell.SellApplication - No active profile set, falling back to default profiles: default
1189 [main] INFO  o.s.b.c.e.AnnotationConfigEmbeddedWebApplicationContext - Refreshing org.springframework.boot.context.embedded.AnnotationConfigEmbeddedWebApplicationContext@3ed242a4: startup date [Wed Apr 03 11:44:27 CST 2019]; root of context hierarchy
1306 [background-preinit] INFO  o.h.validator.internal.util.Version - HV000001: Hibernate Validator 5.3.5.Final
3014 [main] INFO  o.s.b.c.e.t.TomcatEmbeddedServletContainer - Tomcat initialized with port(s): 8080 (http)
3037 [main] INFO  o.a.catalina.core.StandardService - Starting service [Tomcat]
3039 [main] INFO  o.a.catalina.core.StandardEngine - Starting Servlet Engine: Apache Tomcat/8.5.16
3167 [localhost-startStop-1] INFO  o.a.c.c.C.[.[localhost].[/sell] - Initializing Spring embedded WebApplicationContext
3168 [localhost-startStop-1] INFO  o.s.web.context.ContextLoader - Root WebApplicationContext: initialization completed in 1979 ms
3315 [localhost-startStop-1] INFO  o.s.b.w.s.ServletRegistrationBean - Mapping servlet: 'dispatcherServlet' to [/]
3319 [localhost-startStop-1] INFO  o.s.b.w.s.FilterRegistrationBean - Mapping filter: 'characterEncodingFilter' to: [/*]
