51572 [Thread-3] INFO  o.s.w.c.s.GenericWebApplicationContext - Closing org.springframework.web.context.support.GenericWebApplicationContext@73c60324: startup date [Mon Apr 08 09:51:37 CST 2019]; root of context hierarchy
51640 [Thread-3] INFO  o.s.o.j.LocalContainerEntityManagerFactoryBean - Closing JPA EntityManagerFactory for persistence unit 'default'
1593 [main] INFO  c.i.s.s.impl.OrderServiceImplTest - Starting OrderServiceImplTest on steamed-bundeMacBook-Pro.local with PID 72198 (started by steamed-bun in /Library/work/my_projects/sell)
1594 [main] INFO  c.i.s.s.impl.OrderServiceImplTest - No active profile set, falling back to default profiles: default
1663 [main] INFO  o.s.w.c.s.GenericWebApplicationContext - Refreshing org.springframework.web.context.support.GenericWebApplicationContext@73c60324: startup date [Mon Apr 08 09:52:33 CST 2019]; root of context hierarchy
2086 [background-preinit] INFO  o.h.validator.internal.util.Version - HV000001: Hibernate Validator 5.3.5.Final
5086 [main] INFO  o.s.o.j.LocalContainerEntityManagerFactoryBean - Building JPA container EntityManagerFactory for persistence unit 'default'
5102 [main] INFO  o.h.jpa.internal.util.LogHelper - HHH000204: Processing PersistenceUnitInfo [
	name: default
	...]
5180 [main] INFO  org.hibernate.Version - HHH000412: Hibernate Core {5.0.12.Final}
5182 [main] INFO  org.hibernate.cfg.Environment - HHH000206: hibernate.properties not found
5184 [main] INFO  org.hibernate.cfg.Environment - HHH000021: Bytecode provider name : javassist
5228 [main] INFO  o.h.annotations.common.Version - HCANN000001: Hibernate Commons Annotations {5.0.1.Final}
5410 [main] INFO  org.hibernate.dialect.Dialect - HHH000400: Using dialect: org.hibernate.dialect.MySQL5Dialect
6069 [main] INFO  o.h.tool.hbm2ddl.SchemaUpdate - HHH000228: Running hbm2ddl schema update
7419 [main] INFO  o.s.o.j.LocalContainerEntityManagerFactoryBean - Initialized JPA EntityManagerFactory for persistence unit 'default'
8536 [main] INFO  o.s.w.s.m.m.a.RequestMappingHandlerAdapter - Looking for @ControllerAdvice: org.springframework.web.context.support.GenericWebApplicationContext@73c60324: startup date [Mon Apr 08 09:52:33 CST 2019]; root of context hierarchy
8671 [main] INFO  o.s.w.s.m.m.a.RequestMappingHandlerMapping - Mapped "{[/buyer/product/list],methods=[GET]}" onto public com.imooc.sell.OV.ResultOV com.imooc.sell.controller.BuyerProductController.list()
8673 [main] INFO  o.s.w.s.m.m.a.RequestMappingHandlerMapping - Mapped "{[/buyer/product/test],methods=[GET]}" onto public com.imooc.sell.OV.ResultOV com.imooc.sell.controller.BuyerProductController.test()
8676 [main] INFO  o.s.w.s.m.m.a.RequestMappingHandlerMapping - Mapped "{[/permission/login],methods=[POST]}" onto public com.imooc.sell.OV.ResultOV com.imooc.sell.controller.PermissionController.login(java.lang.String,java.lang.String)
8677 [main] INFO  o.s.w.s.m.m.a.RequestMappingHandlerMapping - Mapped "{[/logout],methods=[GET]}" onto public com.imooc.sell.OV.ResultOV com.imooc.sell.controller.RoutingController.logout()
8678 [main] INFO  o.s.w.s.m.m.a.RequestMappingHandlerMapping - Mapped "{[/login],methods=[GET]}" onto public com.imooc.sell.OV.ResultOV com.imooc.sell.controller.RoutingController.login()
8679 [main] INFO  o.s.w.s.m.m.a.RequestMappingHandlerMapping - Mapped "{[/login-error],methods=[GET]}" onto public com.imooc.sell.OV.ResultOV com.imooc.sell.controller.RoutingController.loginTo()
8685 [main] INFO  o.s.w.s.m.m.a.RequestMappingHandlerMapping - Mapped "{[/postman/first],methods=[POST]}" onto public com.imooc.sell.OV.ResultOV com.imooc.sell.controller.TestController.first()
8685 [main] INFO  o.s.w.s.m.m.a.RequestMappingHandlerMapping - Mapped "{[/postman/second],methods=[POST]}" onto public com.imooc.sell.OV.ResultOV com.imooc.sell.controller.TestController.second(com.imooc.sell.OV.ProductOV)
8686 [main] INFO  o.s.w.s.m.m.a.RequestMappingHandlerMapping - Mapped "{[/postman/third],methods=[POST]}" onto public com.imooc.sell.OV.ResultOV com.imooc.sell.controller.TestController.third(java.lang.String)
8686 [main] INFO  o.s.w.s.m.m.a.RequestMappingHandlerMapping - Mapped "{[/postman/fourth],methods=[POST]}" onto public com.imooc.sell.OV.ResultOV com.imooc.sell.controller.TestController.fourth(java.lang.String,java.lang.Integer,java.lang.Double)
8689 [main] INFO  o.s.w.s.m.m.a.RequestMappingHandlerMapping - Mapped "{[/error]}" onto public org.springframework.http.ResponseEntity<java.util.Map<java.lang.String, java.lang.Object>> org.springframework.boot.autoconfigure.web.BasicErrorController.error(javax.servlet.http.HttpServletRequest)
8690 [main] INFO  o.s.w.s.m.m.a.RequestMappingHandlerMapping - Mapped "{[/error],produces=[text/html]}" onto public org.springframework.web.servlet.ModelAndView org.springframework.boot.autoconfigure.web.BasicErrorController.errorHtml(javax.servlet.http.HttpServletRequest,javax.servlet.http.HttpServletResponse)
8768 [main] INFO  o.s.w.s.h.SimpleUrlHandlerMapping - Mapped URL path [/webjars/**] onto handler of type [class org.springframework.web.servlet.resource.ResourceHttpRequestHandler]
8769 [main] INFO  o.s.w.s.h.SimpleUrlHandlerMapping - Mapped URL path [/**] onto handler of type [class org.springframework.web.servlet.resource.ResourceHttpRequestHandler]
8879 [main] INFO  o.s.w.s.h.SimpleUrlHandlerMapping - Mapped URL path [/**/favicon.ico] onto handler of type [class org.springframework.web.servlet.resource.ResourceHttpRequestHandler]
9323 [main] INFO  c.i.s.s.impl.OrderServiceImplTest - Started OrderServiceImplTest in 8.729 seconds (JVM running for 9.838)
