4148 [main] INFO  o.s.o.j.LocalContainerEntityManagerFactoryBean - Building JPA container EntityManagerFactory for persistence unit 'default'
4189 [main] INFO  o.h.jpa.internal.util.LogHelper - HHH000204: Processing PersistenceUnitInfo [
	name: default
	...]
4260 [main] INFO  org.hibernate.Version - HHH000412: Hibernate Core {5.0.12.Final}
4261 [main] INFO  org.hibernate.cfg.Environment - HHH000206: hibernate.properties not found
4262 [main] INFO  org.hibernate.cfg.Environment - HHH000021: Bytecode provider name : javassist
4306 [main] INFO  o.h.annotations.common.Version - HCANN000001: Hibernate Commons Annotations {5.0.1.Final}
4446 [main] INFO  org.hibernate.dialect.Dialect - HHH000400: Using dialect: org.hibernate.dialect.MySQL5Dialect
4946 [main] INFO  o.h.tool.hbm2ddl.SchemaUpdate - HHH000228: Running hbm2ddl schema update
5013 [main] INFO  o.s.o.j.LocalContainerEntityManagerFactoryBean - Initialized JPA EntityManagerFactory for persistence unit 'default'
5862 [main] INFO  o.s.w.s.m.m.a.RequestMappingHandlerAdapter - Looking for @ControllerAdvice: org.springframework.web.context.support.GenericWebApplicationContext@71075444: startup date [Wed Jul 25 17:35:49 CST 2018]; root of context hierarchy
5961 [main] INFO  o.s.w.s.m.m.a.RequestMappingHandlerMapping - Mapped "{[/error]}" onto public org.springframework.http.ResponseEntity<java.util.Map<java.lang.String, java.lang.Object>> org.springframework.boot.autoconfigure.web.BasicErrorController.error(javax.servlet.http.HttpServletRequest)
5962 [main] INFO  o.s.w.s.m.m.a.RequestMappingHandlerMapping - Mapped "{[/error],produces=[text/html]}" onto public org.springframework.web.servlet.ModelAndView org.springframework.boot.autoconfigure.web.BasicErrorController.errorHtml(javax.servlet.http.HttpServletRequest,javax.servlet.http.HttpServletResponse)
5996 [main] INFO  o.s.w.s.h.SimpleUrlHandlerMapping - Mapped URL path [/webjars/**] onto handler of type [class org.springframework.web.servlet.resource.ResourceHttpRequestHandler]
5996 [main] INFO  o.s.w.s.h.SimpleUrlHandlerMapping - Mapped URL path [/**] onto handler of type [class org.springframework.web.servlet.resource.ResourceHttpRequestHandler]
6065 [main] INFO  o.s.w.s.h.SimpleUrlHandlerMapping - Mapped URL path [/**/favicon.ico] onto handler of type [class org.springframework.web.servlet.resource.ResourceHttpRequestHandler]
6567 [main] INFO  c.i.s.R.ProductCategoryRepositoryTest - Started ProductCategoryRepositoryTest in 5.851 seconds (JVM running for 7.043)
6759 [Thread-3] INFO  o.s.w.c.s.GenericWebApplicationContext - Closing org.springframework.web.context.support.GenericWebApplicationContext@71075444: startup date [Wed Jul 25 17:35:49 CST 2018]; root of context hierarchy
6762 [Thread-3] INFO  o.s.o.j.LocalContainerEntityManagerFactoryBean - Closing JPA EntityManagerFactory for persistence unit 'default'
1444 [main] INFO  c.i.s.R.ProductCategoryRepositoryTest - Starting ProductCategoryRepositoryTest on steamed-bundeMacBook-Pro.local with PID 6680 (started by steamed-bun in /Library/work/my_projects/sell)
1446 [main] INFO  c.i.s.R.ProductCategoryRepositoryTest - No active profile set, falling back to default profiles: default
1563 [main] INFO  o.s.w.c.s.GenericWebApplicationContext - Refreshing org.springframework.web.context.support.GenericWebApplicationContext@71075444: startup date [Wed Jul 25 17:36:22 CST 2018]; root of context hierarchy
1932 [background-preinit] INFO  o.h.validator.internal.util.Version - HV000001: Hibernate Validator 5.3.5.Final
4538 [main] INFO  o.s.o.j.LocalContainerEntityManagerFactoryBean - Building JPA container EntityManagerFactory for persistence unit 'default'
4557 [main] INFO  o.h.jpa.internal.util.LogHelper - HHH000204: Processing PersistenceUnitInfo [
	name: default
	...]
4623 [main] INFO  org.hibernate.Version - HHH000412: Hibernate Core {5.0.12.Final}
4624 [main] INFO  org.hibernate.cfg.Environment - HHH000206: hibernate.properties not found
4626 [main] INFO  org.hibernate.cfg.Environment - HHH000021: Bytecode provider name : javassist
4662 [main] INFO  o.h.annotations.common.Version - HCANN000001: Hibernate Commons Annotations {5.0.1.Final}
4758 [main] INFO  org.hibernate.dialect.Dialect - HHH000400: Using dialect: org.hibernate.dialect.MySQL5Dialect
5268 [main] INFO  o.h.tool.hbm2ddl.SchemaUpdate - HHH000228: Running hbm2ddl schema update
5331 [main] INFO  o.s.o.j.LocalContainerEntityManagerFactoryBean - Initialized JPA EntityManagerFactory for persistence unit 'default'
6293 [main] INFO  o.s.w.s.m.m.a.RequestMappingHandlerAdapter - Looking for @ControllerAdvice: org.springframework.web.context.support.GenericWebApplicationContext@71075444: startup date [Wed Jul 25 17:36:22 CST 2018]; root of context hierarchy
6394 [main] INFO  o.s.w.s.m.m.a.RequestMappingHandlerMapping - Mapped "{[/error]}" onto public org.springframework.http.ResponseEntity<java.util.Map<java.lang.String, java.lang.Object>> org.springframework.boot.autoconfigure.web.BasicErrorController.error(javax.servlet.http.HttpServletRequest)
6395 [main] INFO  o.s.w.s.m.m.a.RequestMappingHandlerMapping - Mapped "{[/error],produces=[text/html]}" onto public org.springframework.web.servlet.ModelAndView org.springframework.boot.autoconfigure.web.BasicErrorController.errorHtml(javax.servlet.http.HttpServletRequest,javax.servlet.http.HttpServletResponse)
6424 [main] INFO  o.s.w.s.h.SimpleUrlHandlerMapping - Mapped URL path [/webjars/**] onto handler of type [class org.springframework.web.servlet.resource.ResourceHttpRequestHandler]
