7503 [main] INFO  o.s.w.s.m.m.a.RequestMappingHandlerMapping - Mapped "{[/logout],methods=[GET]}" onto public com.imooc.sell.OV.ResultOV com.imooc.sell.controller.RoutingController.logout()
7505 [main] INFO  o.s.w.s.m.m.a.RequestMappingHandlerMapping - Mapped "{[/login-error],methods=[GET]}" onto public com.imooc.sell.OV.ResultOV com.imooc.sell.controller.RoutingController.loginTo()
7506 [main] INFO  o.s.w.s.m.m.a.RequestMappingHandlerMapping - Mapped "{[/login],methods=[GET]}" onto public com.imooc.sell.OV.ResultOV com.imooc.sell.controller.RoutingController.login()
7507 [main] INFO  o.s.w.s.m.m.a.RequestMappingHandlerMapping - Mapped "{[/postman/first],methods=[POST]}" onto public com.imooc.sell.OV.ResultOV com.imooc.sell.controller.TestController.first()
7507 [main] INFO  o.s.w.s.m.m.a.RequestMappingHandlerMapping - Mapped "{[/postman/second],methods=[POST]}" onto public com.imooc.sell.OV.ResultOV com.imooc.sell.controller.TestController.second(com.imooc.sell.OV.ProductOV)
7507 [main] INFO  o.s.w.s.m.m.a.RequestMappingHandlerMapping - Mapped "{[/postman/fourth],methods=[POST]}" onto public com.imooc.sell.OV.ResultOV com.imooc.sell.controller.TestController.fourth(java.lang.String,java.lang.Integer,java.lang.Double)
7508 [main] INFO  o.s.w.s.m.m.a.RequestMappingHandlerMapping - Mapped "{[/postman/third],methods=[POST]}" onto public com.imooc.sell.OV.ResultOV com.imooc.sell.controller.TestController.third(java.lang.String)
7510 [main] INFO  o.s.w.s.m.m.a.RequestMappingHandlerMapping - Mapped "{[/error]}" onto public org.springframework.http.ResponseEntity<java.util.Map<java.lang.String, java.lang.Object>> org.springframework.boot.autoconfigure.web.BasicErrorController.error(javax.servlet.http.HttpServletRequest)
7511 [main] INFO  o.s.w.s.m.m.a.RequestMappingHandlerMapping - Mapped "{[/error],produces=[text/html]}" onto public org.springframework.web.servlet.ModelAndView org.springframework.boot.autoconfigure.web.BasicErrorController.errorHtml(javax.servlet.http.HttpServletRequest,javax.servlet.http.HttpServletResponse)
7551 [main] INFO  o.s.w.s.h.SimpleUrlHandlerMapping - Mapped URL path [/webjars/**] onto handler of type [class org.springframework.web.servlet.resource.ResourceHttpRequestHandler]
7551 [main] INFO  o.s.w.s.h.SimpleUrlHandlerMapping - Mapped URL path [/**] onto handler of type [class org.springframework.web.servlet.resource.ResourceHttpRequestHandler]
7599 [main] INFO  o.s.w.s.h.SimpleUrlHandlerMapping - Mapped URL path [/**/favicon.ico] onto handler of type [class org.springframework.web.servlet.resource.ResourceHttpRequestHandler]
8102 [main] INFO  o.s.j.e.a.AnnotationMBeanExporter - Registering beans for JMX exposure on startup
8121 [main] INFO  o.a.coyote.http11.Http11NioProtocol - Initializing ProtocolHandler ["http-nio-8080"]
8131 [main] INFO  o.a.coyote.http11.Http11NioProtocol - Starting ProtocolHandler ["http-nio-8080"]
8170 [main] INFO  o.a.tomcat.util.net.NioSelectorPool - Using a shared selector for servlet write/read
8192 [main] INFO  o.s.b.c.e.t.TomcatEmbeddedServletContainer - Tomcat started on port(s): 8080 (http)
8201 [main] INFO  com.imooc.sell.SellApplication - Started SellApplication in 8.017 seconds (JVM running for 8.85)
17189 [http-nio-8080-exec-1] INFO  o.a.c.c.C.[.[localhost].[/sell] - Initializing Spring FrameworkServlet 'dispatcherServlet'
17190 [http-nio-8080-exec-1] INFO  o.s.web.servlet.DispatcherServlet - FrameworkServlet 'dispatcherServlet': initialization started
17216 [http-nio-8080-exec-1] INFO  o.s.web.servlet.DispatcherServlet - FrameworkServlet 'dispatcherServlet': initialization completed in 25 ms
17390 [http-nio-8080-exec-1] INFO  o.h.e.j.b.i.AbstractBatchImpl - HHH000010: On release of batch it still contained JDBC statements
9297198 [Thread-20] INFO  o.s.b.c.e.AnnotationConfigEmbeddedWebApplicationContext - Closing org.springframework.boot.context.embedded.AnnotationConfigEmbeddedWebApplicationContext@73a2e526: startup date [Wed Apr 03 11:44:58 CST 2019]; root of context hierarchy
9297244 [Thread-20] INFO  o.s.j.e.a.AnnotationMBeanExporter - Unregistering JMX-exposed beans on shutdown
9297248 [Thread-20] INFO  o.s.o.j.LocalContainerEntityManagerFactoryBean - Closing JPA EntityManagerFactory for persistence unit 'default'
789  [main] INFO  com.imooc.sell.SellApplication - Starting SellApplication on steamed-bundeMacBook-Pro.local with PID 58613 (/Library/work/my_projects/sell/target/classes started by steamed-bun in /Library/work/my_projects/sell)
790  [main] INFO  com.imooc.sell.SellApplication - No active profile set, falling back to default profiles: default
872  [main] INFO  o.s.b.c.e.AnnotationConfigEmbeddedWebApplicationContext - Refreshing org.springframework.boot.context.embedded.AnnotationConfigEmbeddedWebApplicationContext@73a2e526: startup date [Wed Apr 03 14:19:59 CST 2019]; root of context hierarchy
896  [background-preinit] INFO  o.h.validator.internal.util.Version - HV000001: Hibernate Validator 5.3.5.Final
2165 [main] INFO  o.s.b.c.e.t.TomcatEmbeddedServletContainer - Tomcat initialized with port(s): 8080 (http)
2175 [main] INFO  o.a.catalina.core.StandardService - Starting service [Tomcat]
2176 [main] INFO  o.a.catalina.core.StandardEngine - Starting Servlet Engine: Apache Tomcat/8.5.16
