1953 [main] INFO  com.imooc.sell.LogTest - Starting LogTest on steamed-bundeMacBook-Pro.local with PID 6178 (started by steamed-bun in /Library/work/my_projects/sell)
1954 [main] INFO  com.imooc.sell.LogTest - No active profile set, falling back to default profiles: default
2020 [main] INFO  o.s.w.c.s.GenericWebApplicationContext - Refreshing org.springframework.web.context.support.GenericWebApplicationContext@2205a05d: startup date [Wed Jul 25 15:43:55 CST 2018]; root of context hierarchy
3363 [main] INFO  o.s.c.s.PostProcessorRegistrationDelegate$BeanPostProcessorChecker - Bean 'org.springframework.transaction.annotation.ProxyTransactionManagementConfiguration' of type [org.springframework.transaction.annotation.ProxyTransactionManagementConfiguration$$EnhancerBySpringCGLIB$$2464cd47] is not eligible for getting processed by all BeanPostProcessors (for example: not eligible for auto-proxying)
3720 [main] INFO  com.zaxxer.hikari.HikariDataSource - HikariPool-1 - Starting...
4163 [main] INFO  com.zaxxer.hikari.HikariDataSource - HikariPool-1 - Start completed.
4226 [main] INFO  o.s.o.j.LocalContainerEntityManagerFactoryBean - Building JPA container EntityManagerFactory for persistence unit 'default'
4251 [main] INFO  o.h.jpa.internal.util.LogHelper - HHH000204: Processing PersistenceUnitInfo [
	name: default
	...]
4378 [main] INFO  org.hibernate.Version - HHH000412: Hibernate Core {5.2.17.Final}
4379 [main] INFO  org.hibernate.cfg.Environment - HHH000206: hibernate.properties not found
4448 [main] INFO  o.h.annotations.common.Version - HCANN000001: Hibernate Commons Annotations {5.0.1.Final}
4608 [main] INFO  org.hibernate.dialect.Dialect - HHH000400: Using dialect: org.hibernate.dialect.MySQL5Dialect
5269 [main] INFO  o.s.o.j.LocalContainerEntityManagerFactoryBean - Initialized JPA EntityManagerFactory for persistence unit 'default'
5714 [main] INFO  o.s.w.s.h.SimpleUrlHandlerMapping - Mapped URL path [/**/favicon.ico] onto handler of type [class org.springframework.web.servlet.resource.ResourceHttpRequestHandler]
6325 [main] INFO  o.s.w.s.m.m.a.RequestMappingHandlerAdapter - Looking for @ControllerAdvice: org.springframework.web.context.support.GenericWebApplicationContext@2205a05d: startup date [Wed Jul 25 15:43:55 CST 2018]; root of context hierarchy
6417 [main] INFO  o.s.w.s.m.m.a.RequestMappingHandlerMapping - Mapped "{[/error]}" onto public org.springframework.http.ResponseEntity<java.util.Map<java.lang.String, java.lang.Object>> org.springframework.boot.autoconfigure.web.servlet.error.BasicErrorController.error(javax.servlet.http.HttpServletRequest)
6419 [main] INFO  o.s.w.s.m.m.a.RequestMappingHandlerMapping - Mapped "{[/error],produces=[text/html]}" onto public org.springframework.web.servlet.ModelAndView org.springframework.boot.autoconfigure.web.servlet.error.BasicErrorController.errorHtml(javax.servlet.http.HttpServletRequest,javax.servlet.http.HttpServletResponse)
6451 [main] INFO  o.s.w.s.h.SimpleUrlHandlerMapping - Mapped URL path [/webjars/**] onto handler of type [class org.springframework.web.servlet.resource.ResourceHttpRequestHandler]
6451 [main] INFO  o.s.w.s.h.SimpleUrlHandlerMapping - Mapped URL path [/**] onto handler of type [class org.springframework.web.servlet.resource.ResourceHttpRequestHandler]
6778 [main] INFO  com.imooc.sell.LogTest - Started LogTest in 5.774 seconds (JVM running for 7.296)
6917 [main] INFO  com.imooc.sell.LogTest - info
6921 [Thread-2] INFO  o.s.w.c.s.GenericWebApplicationContext - Closing org.springframework.web.context.support.GenericWebApplicationContext@2205a05d: startup date [Wed Jul 25 15:43:55 CST 2018]; root of context hierarchy
6926 [Thread-2] INFO  o.s.o.j.LocalContainerEntityManagerFactoryBean - Closing JPA EntityManagerFactory for persistence unit 'default'
6927 [Thread-2] INFO  com.zaxxer.hikari.HikariDataSource - HikariPool-1 - Shutdown initiated...
6936 [Thread-2] INFO  com.zaxxer.hikari.HikariDataSource - HikariPool-1 - Shutdown completed.
1664 [main] INFO  c.i.s.R.ProductCategoryRepositoryTest - Starting ProductCategoryRepositoryTest on steamed-bundeMacBook-Pro.local with PID 6180 (started by steamed-bun in /Library/work/my_projects/sell)
1666 [main] INFO  c.i.s.R.ProductCategoryRepositoryTest - No active profile set, falling back to default profiles: default
1731 [main] INFO  o.s.w.c.s.GenericWebApplicationContext - Refreshing org.springframework.web.context.support.GenericWebApplicationContext@2a7ed1f: startup date [Wed Jul 25 15:44:08 CST 2018]; root of context hierarchy
3170 [main] INFO  o.s.c.s.PostProcessorRegistrationDelegate$BeanPostProcessorChecker - Bean 'org.springframework.transaction.annotation.ProxyTransactionManagementConfiguration' of type [org.springframework.transaction.annotation.ProxyTransactionManagementConfiguration$$EnhancerBySpringCGLIB$$619e3ebb] is not eligible for getting processed by all BeanPostProcessors (for example: not eligible for auto-proxying)
3394 [main] INFO  com.zaxxer.hikari.HikariDataSource - HikariPool-1 - Starting...
3746 [main] INFO  com.zaxxer.hikari.HikariDataSource - HikariPool-1 - Start completed.
3791 [main] INFO  o.s.o.j.LocalContainerEntityManagerFactoryBean - Building JPA container EntityManagerFactory for persistence unit 'default'
